2024-05-22 08:15:08,481 ERROR: 404 Not Found: The requested URL was not found on the server. If you entered the URL manually please check your spelling and try again. [in /home/leopard/development/jovis.ai/audio-to-text-to-summary/main.py:27]
2024-05-22 08:15:11,456 ERROR: 404 Not Found: The requested URL was not found on the server. If you entered the URL manually please check your spelling and try again. [in /home/leopard/development/jovis.ai/audio-to-text-to-summary/main.py:27]
2024-05-22 08:15:11,458 ERROR: 404 Not Found: The requested URL was not found on the server. If you entered the URL manually please check your spelling and try again. [in /home/leopard/development/jovis.ai/audio-to-text-to-summary/main.py:27]
2024-05-22 08:15:37,792 ERROR: 404 Not Found: The requested URL was not found on the server. If you entered the URL manually please check your spelling and try again. [in /home/leopard/development/jovis.ai/audio-to-text-to-summary/main.py:27]
2024-05-22 08:15:42,472 ERROR: 404 Not Found: The requested URL was not found on the server. If you entered the URL manually please check your spelling and try again. [in /home/leopard/development/jovis.ai/audio-to-text-to-summary/main.py:27]
2024-05-22 08:15:45,575 ERROR: 404 Not Found: The requested URL was not found on the server. If you entered the URL manually please check your spelling and try again. [in /home/leopard/development/jovis.ai/audio-to-text-to-summary/main.py:27]
2024-05-22 08:15:51,160 ERROR: 404 Not Found: The requested URL was not found on the server. If you entered the URL manually please check your spelling and try again. [in /home/leopard/development/jovis.ai/audio-to-text-to-summary/main.py:27]
2024-05-22 08:16:41,162 ERROR: 404 Not Found: The requested URL was not found on the server. If you entered the URL manually please check your spelling and try again. [in /home/leopard/development/jovis.ai/audio-to-text-to-summary/main.py:27]
2024-05-22 08:18:53,839 ERROR: 404 Not Found: The requested URL was not found on the server. If you entered the URL manually please check your spelling and try again. [in /home/leopard/development/jovis.ai/audio-to-text-to-summary/main.py:27]
2024-05-22 08:18:54,379 ERROR: 404 Not Found: The requested URL was not found on the server. If you entered the URL manually please check your spelling and try again. [in /home/leopard/development/jovis.ai/audio-to-text-to-summary/main.py:27]
2024-05-22 08:18:56,099 ERROR: Could not build url for endpoint 'home' with values ['code', 'scope', 'state']. Did you mean 'routes.index' instead? [in /home/leopard/development/jovis.ai/audio-to-text-to-summary/main.py:27]
2024-05-22 08:18:56,123 ERROR: 404 Not Found: The requested URL was not found on the server. If you entered the URL manually please check your spelling and try again. [in /home/leopard/development/jovis.ai/audio-to-text-to-summary/main.py:27]
2024-05-22 08:20:35,661 ERROR: 404 Not Found: The requested URL was not found on the server. If you entered the URL manually please check your spelling and try again. [in /home/leopard/development/jovis.ai/audio-to-text-to-summary/main.py:27]
2024-05-22 08:20:36,790 ERROR: 404 Not Found: The requested URL was not found on the server. If you entered the URL manually please check your spelling and try again. [in /home/leopard/development/jovis.ai/audio-to-text-to-summary/main.py:27]
2024-05-22 08:20:37,448 ERROR: 404 Not Found: The requested URL was not found on the server. If you entered the URL manually please check your spelling and try again. [in /home/leopard/development/jovis.ai/audio-to-text-to-summary/main.py:27]
2024-05-22 08:20:37,666 ERROR: 404 Not Found: The requested URL was not found on the server. If you entered the URL manually please check your spelling and try again. [in /home/leopard/development/jovis.ai/audio-to-text-to-summary/main.py:27]
2024-05-22 08:20:38,566 ERROR: 404 Not Found: The requested URL was not found on the server. If you entered the URL manually please check your spelling and try again. [in /home/leopard/development/jovis.ai/audio-to-text-to-summary/main.py:27]
2024-05-22 08:20:39,521 ERROR: 404 Not Found: The requested URL was not found on the server. If you entered the URL manually please check your spelling and try again. [in /home/leopard/development/jovis.ai/audio-to-text-to-summary/main.py:27]
2024-05-22 08:20:40,199 ERROR: 404 Not Found: The requested URL was not found on the server. If you entered the URL manually please check your spelling and try again. [in /home/leopard/development/jovis.ai/audio-to-text-to-summary/main.py:27]
2024-05-22 08:20:42,502 ERROR: 404 Not Found: The requested URL was not found on the server. If you entered the URL manually please check your spelling and try again. [in /home/leopard/development/jovis.ai/audio-to-text-to-summary/main.py:27]
2024-05-22 08:20:48,831 ERROR: 404 Not Found: The requested URL was not found on the server. If you entered the URL manually please check your spelling and try again. [in /home/leopard/development/jovis.ai/audio-to-text-to-summary/main.py:27]
2024-05-22 08:21:01,421 ERROR: 404 Not Found: The requested URL was not found on the server. If you entered the URL manually please check your spelling and try again. [in /home/leopard/development/jovis.ai/audio-to-text-to-summary/main.py:27]
2024-05-22 08:21:04,384 ERROR: 404 Not Found: The requested URL was not found on the server. If you entered the URL manually please check your spelling and try again. [in /home/leopard/development/jovis.ai/audio-to-text-to-summary/main.py:27]
2024-05-22 08:21:11,084 ERROR: 404 Not Found: The requested URL was not found on the server. If you entered the URL manually please check your spelling and try again. [in /home/leopard/development/jovis.ai/audio-to-text-to-summary/main.py:27]
2024-05-22 08:41:40,638 ERROR: 404 Not Found: The requested URL was not found on the server. If you entered the URL manually please check your spelling and try again. [in /home/leopard/development/jovis.ai/audio-to-text-to-summary/main.py:27]
2024-05-22 08:41:45,086 ERROR: 404 Not Found: The requested URL was not found on the server. If you entered the URL manually please check your spelling and try again. [in /home/leopard/development/jovis.ai/audio-to-text-to-summary/main.py:27]
2024-05-22 08:45:48,604 ERROR: 404 Not Found: The requested URL was not found on the server. If you entered the URL manually please check your spelling and try again. [in /home/leopard/development/jovis.ai/audio-to-text-to-summary/main.py:27]
2024-05-22 08:45:51,673 ERROR: 404 Not Found: The requested URL was not found on the server. If you entered the URL manually please check your spelling and try again. [in /home/leopard/development/jovis.ai/audio-to-text-to-summary/main.py:27]
2024-05-22 08:46:43,380 ERROR: 404 Not Found: The requested URL was not found on the server. If you entered the URL manually please check your spelling and try again. [in /home/leopard/development/jovis.ai/audio-to-text-to-summary/main.py:27]
2024-05-22 08:46:52,076 ERROR: 404 Not Found: The requested URL was not found on the server. If you entered the URL manually please check your spelling and try again. [in /home/leopard/development/jovis.ai/audio-to-text-to-summary/main.py:27]
2024-05-22 08:46:52,102 ERROR: 404 Not Found: The requested URL was not found on the server. If you entered the URL manually please check your spelling and try again. [in /home/leopard/development/jovis.ai/audio-to-text-to-summary/main.py:27]
2024-05-22 08:54:59,147 ERROR: 404 Not Found: The requested URL was not found on the server. If you entered the URL manually please check your spelling and try again. [in /home/leopard/development/jovis.ai/audio-to-text-to-summary/main.py:27]
2024-05-22 08:54:59,192 ERROR: 404 Not Found: The requested URL was not found on the server. If you entered the URL manually please check your spelling and try again. [in /home/leopard/development/jovis.ai/audio-to-text-to-summary/main.py:27]
2024-05-22 08:55:01,377 ERROR: 404 Not Found: The requested URL was not found on the server. If you entered the URL manually please check your spelling and try again. [in /home/leopard/development/jovis.ai/audio-to-text-to-summary/main.py:27]
2024-05-22 08:55:01,399 ERROR: 404 Not Found: The requested URL was not found on the server. If you entered the URL manually please check your spelling and try again. [in /home/leopard/development/jovis.ai/audio-to-text-to-summary/main.py:27]
2024-05-22 08:55:09,178 ERROR: 404 Not Found: The requested URL was not found on the server. If you entered the URL manually please check your spelling and try again. [in /home/leopard/development/jovis.ai/audio-to-text-to-summary/main.py:27]
2024-05-22 08:55:09,195 ERROR: 404 Not Found: The requested URL was not found on the server. If you entered the URL manually please check your spelling and try again. [in /home/leopard/development/jovis.ai/audio-to-text-to-summary/main.py:27]
2024-05-22 08:55:21,855 ERROR: 404 Not Found: The requested URL was not found on the server. If you entered the URL manually please check your spelling and try again. [in /home/leopard/development/jovis.ai/audio-to-text-to-summary/main.py:27]
2024-05-22 08:55:21,859 ERROR: 404 Not Found: The requested URL was not found on the server. If you entered the URL manually please check your spelling and try again. [in /home/leopard/development/jovis.ai/audio-to-text-to-summary/main.py:27]
2024-05-22 08:55:21,860 ERROR: 404 Not Found: The requested URL was not found on the server. If you entered the URL manually please check your spelling and try again. [in /home/leopard/development/jovis.ai/audio-to-text-to-summary/main.py:27]
2024-05-22 08:55:21,869 ERROR: 404 Not Found: The requested URL was not found on the server. If you entered the URL manually please check your spelling and try again. [in /home/leopard/development/jovis.ai/audio-to-text-to-summary/main.py:27]
2024-05-22 08:59:24,725 ERROR: 404 Not Found: The requested URL was not found on the server. If you entered the URL manually please check your spelling and try again. [in /home/leopard/development/jovis.ai/audio-to-text-to-summary/main.py:27]
2024-05-22 08:59:24,725 ERROR: 404 Not Found: The requested URL was not found on the server. If you entered the URL manually please check your spelling and try again. [in /home/leopard/development/jovis.ai/audio-to-text-to-summary/main.py:27]
2024-05-22 08:59:24,726 ERROR: 404 Not Found: The requested URL was not found on the server. If you entered the URL manually please check your spelling and try again. [in /home/leopard/development/jovis.ai/audio-to-text-to-summary/main.py:27]
2024-05-22 08:59:24,726 ERROR: 404 Not Found: The requested URL was not found on the server. If you entered the URL manually please check your spelling and try again. [in /home/leopard/development/jovis.ai/audio-to-text-to-summary/main.py:27]
2024-05-22 08:59:24,726 ERROR: 404 Not Found: The requested URL was not found on the server. If you entered the URL manually please check your spelling and try again. [in /home/leopard/development/jovis.ai/audio-to-text-to-summary/main.py:27]
2024-05-22 08:59:24,742 ERROR: 404 Not Found: The requested URL was not found on the server. If you entered the URL manually please check your spelling and try again. [in /home/leopard/development/jovis.ai/audio-to-text-to-summary/main.py:27]
2024-05-22 08:59:30,272 ERROR: 404 Not Found: The requested URL was not found on the server. If you entered the URL manually please check your spelling and try again. [in /home/leopard/development/jovis.ai/audio-to-text-to-summary/main.py:27]
2024-05-22 08:59:30,272 ERROR: 404 Not Found: The requested URL was not found on the server. If you entered the URL manually please check your spelling and try again. [in /home/leopard/development/jovis.ai/audio-to-text-to-summary/main.py:27]
2024-05-22 08:59:30,274 ERROR: 404 Not Found: The requested URL was not found on the server. If you entered the URL manually please check your spelling and try again. [in /home/leopard/development/jovis.ai/audio-to-text-to-summary/main.py:27]
2024-05-22 08:59:30,276 ERROR: 404 Not Found: The requested URL was not found on the server. If you entered the URL manually please check your spelling and try again. [in /home/leopard/development/jovis.ai/audio-to-text-to-summary/main.py:27]
2024-05-22 08:59:30,276 ERROR: 404 Not Found: The requested URL was not found on the server. If you entered the URL manually please check your spelling and try again. [in /home/leopard/development/jovis.ai/audio-to-text-to-summary/main.py:27]
2024-05-22 08:59:30,287 ERROR: 404 Not Found: The requested URL was not found on the server. If you entered the URL manually please check your spelling and try again. [in /home/leopard/development/jovis.ai/audio-to-text-to-summary/main.py:27]
2024-05-22 09:00:33,352 ERROR: 404 Not Found: The requested URL was not found on the server. If you entered the URL manually please check your spelling and try again. [in /home/leopard/development/jovis.ai/audio-to-text-to-summary/main.py:27]
2024-05-22 09:00:33,353 ERROR: 404 Not Found: The requested URL was not found on the server. If you entered the URL manually please check your spelling and try again. [in /home/leopard/development/jovis.ai/audio-to-text-to-summary/main.py:27]
2024-05-22 09:00:33,354 ERROR: 404 Not Found: The requested URL was not found on the server. If you entered the URL manually please check your spelling and try again. [in /home/leopard/development/jovis.ai/audio-to-text-to-summary/main.py:27]
2024-05-22 09:00:33,357 ERROR: 404 Not Found: The requested URL was not found on the server. If you entered the URL manually please check your spelling and try again. [in /home/leopard/development/jovis.ai/audio-to-text-to-summary/main.py:27]
2024-05-22 09:00:33,358 ERROR: 404 Not Found: The requested URL was not found on the server. If you entered the URL manually please check your spelling and try again. [in /home/leopard/development/jovis.ai/audio-to-text-to-summary/main.py:27]
2024-05-22 09:00:33,371 ERROR: 404 Not Found: The requested URL was not found on the server. If you entered the URL manually please check your spelling and try again. [in /home/leopard/development/jovis.ai/audio-to-text-to-summary/main.py:27]
2024-05-22 09:00:37,456 ERROR: 404 Not Found: The requested URL was not found on the server. If you entered the URL manually please check your spelling and try again. [in /home/leopard/development/jovis.ai/audio-to-text-to-summary/main.py:27]
2024-05-22 09:00:37,457 ERROR: 404 Not Found: The requested URL was not found on the server. If you entered the URL manually please check your spelling and try again. [in /home/leopard/development/jovis.ai/audio-to-text-to-summary/main.py:27]
2024-05-22 09:00:37,458 ERROR: 404 Not Found: The requested URL was not found on the server. If you entered the URL manually please check your spelling and try again. [in /home/leopard/development/jovis.ai/audio-to-text-to-summary/main.py:27]
2024-05-22 09:00:37,459 ERROR: 404 Not Found: The requested URL was not found on the server. If you entered the URL manually please check your spelling and try again. [in /home/leopard/development/jovis.ai/audio-to-text-to-summary/main.py:27]
2024-05-22 09:00:37,460 ERROR: 404 Not Found: The requested URL was not found on the server. If you entered the URL manually please check your spelling and try again. [in /home/leopard/development/jovis.ai/audio-to-text-to-summary/main.py:27]
2024-05-22 09:00:37,777 ERROR: 404 Not Found: The requested URL was not found on the server. If you entered the URL manually please check your spelling and try again. [in /home/leopard/development/jovis.ai/audio-to-text-to-summary/main.py:27]
2024-05-22 09:00:46,361 ERROR: 404 Not Found: The requested URL was not found on the server. If you entered the URL manually please check your spelling and try again. [in /home/leopard/development/jovis.ai/audio-to-text-to-summary/main.py:27]
2024-05-22 09:00:46,379 ERROR: 404 Not Found: The requested URL was not found on the server. If you entered the URL manually please check your spelling and try again. [in /home/leopard/development/jovis.ai/audio-to-text-to-summary/main.py:27]
2024-05-22 09:00:48,393 ERROR: 404 Not Found: The requested URL was not found on the server. If you entered the URL manually please check your spelling and try again. [in /home/leopard/development/jovis.ai/audio-to-text-to-summary/main.py:27]
2024-05-22 09:00:51,900 ERROR: 404 Not Found: The requested URL was not found on the server. If you entered the URL manually please check your spelling and try again. [in /home/leopard/development/jovis.ai/audio-to-text-to-summary/main.py:27]
2024-05-22 09:00:51,901 ERROR: 404 Not Found: The requested URL was not found on the server. If you entered the URL manually please check your spelling and try again. [in /home/leopard/development/jovis.ai/audio-to-text-to-summary/main.py:27]
2024-05-22 09:00:51,905 ERROR: 404 Not Found: The requested URL was not found on the server. If you entered the URL manually please check your spelling and try again. [in /home/leopard/development/jovis.ai/audio-to-text-to-summary/main.py:27]
2024-05-22 09:00:51,906 ERROR: 404 Not Found: The requested URL was not found on the server. If you entered the URL manually please check your spelling and try again. [in /home/leopard/development/jovis.ai/audio-to-text-to-summary/main.py:27]
2024-05-22 09:00:51,906 ERROR: 404 Not Found: The requested URL was not found on the server. If you entered the URL manually please check your spelling and try again. [in /home/leopard/development/jovis.ai/audio-to-text-to-summary/main.py:27]
2024-05-22 09:00:51,915 ERROR: 404 Not Found: The requested URL was not found on the server. If you entered the URL manually please check your spelling and try again. [in /home/leopard/development/jovis.ai/audio-to-text-to-summary/main.py:27]
2024-05-22 09:03:50,681 ERROR: 404 Not Found: The requested URL was not found on the server. If you entered the URL manually please check your spelling and try again. [in /home/leopard/development/jovis.ai/audio-to-text-to-summary/main.py:27]
2024-05-22 09:03:50,681 ERROR: 404 Not Found: The requested URL was not found on the server. If you entered the URL manually please check your spelling and try again. [in /home/leopard/development/jovis.ai/audio-to-text-to-summary/main.py:27]
2024-05-22 09:03:50,682 ERROR: 404 Not Found: The requested URL was not found on the server. If you entered the URL manually please check your spelling and try again. [in /home/leopard/development/jovis.ai/audio-to-text-to-summary/main.py:27]
2024-05-22 09:03:50,685 ERROR: 404 Not Found: The requested URL was not found on the server. If you entered the URL manually please check your spelling and try again. [in /home/leopard/development/jovis.ai/audio-to-text-to-summary/main.py:27]
2024-05-22 09:03:50,686 ERROR: 404 Not Found: The requested URL was not found on the server. If you entered the URL manually please check your spelling and try again. [in /home/leopard/development/jovis.ai/audio-to-text-to-summary/main.py:27]
2024-05-22 09:03:50,709 ERROR: 404 Not Found: The requested URL was not found on the server. If you entered the URL manually please check your spelling and try again. [in /home/leopard/development/jovis.ai/audio-to-text-to-summary/main.py:27]
2024-05-22 09:07:27,620 ERROR: index.html [in /home/leopard/development/jovis.ai/audio-to-text-to-summary/main.py:26]
2024-05-22 09:07:27,640 ERROR: 404 Not Found: The requested URL was not found on the server. If you entered the URL manually please check your spelling and try again. [in /home/leopard/development/jovis.ai/audio-to-text-to-summary/main.py:26]
2024-05-22 09:07:36,570 ERROR: 404 Not Found: The requested URL was not found on the server. If you entered the URL manually please check your spelling and try again. [in /home/leopard/development/jovis.ai/audio-to-text-to-summary/main.py:26]
2024-05-22 09:07:36,606 ERROR: 404 Not Found: The requested URL was not found on the server. If you entered the URL manually please check your spelling and try again. [in /home/leopard/development/jovis.ai/audio-to-text-to-summary/main.py:26]
2024-05-22 09:08:42,573 ERROR: index.html [in /home/leopard/development/jovis.ai/audio-to-text-to-summary/main.py:26]
2024-05-22 09:08:42,601 ERROR: 404 Not Found: The requested URL was not found on the server. If you entered the URL manually please check your spelling and try again. [in /home/leopard/development/jovis.ai/audio-to-text-to-summary/main.py:26]
2024-05-22 09:08:43,429 ERROR: index.html [in /home/leopard/development/jovis.ai/audio-to-text-to-summary/main.py:26]
2024-05-22 09:08:43,447 ERROR: 404 Not Found: The requested URL was not found on the server. If you entered the URL manually please check your spelling and try again. [in /home/leopard/development/jovis.ai/audio-to-text-to-summary/main.py:26]
2024-05-22 09:08:44,188 ERROR: index.html [in /home/leopard/development/jovis.ai/audio-to-text-to-summary/main.py:26]
2024-05-22 09:08:44,213 ERROR: 404 Not Found: The requested URL was not found on the server. If you entered the URL manually please check your spelling and try again. [in /home/leopard/development/jovis.ai/audio-to-text-to-summary/main.py:26]
2024-05-22 09:08:44,636 ERROR: index.html [in /home/leopard/development/jovis.ai/audio-to-text-to-summary/main.py:26]
2024-05-22 09:08:44,663 ERROR: 404 Not Found: The requested URL was not found on the server. If you entered the URL manually please check your spelling and try again. [in /home/leopard/development/jovis.ai/audio-to-text-to-summary/main.py:26]
2024-05-22 09:08:45,077 ERROR: index.html [in /home/leopard/development/jovis.ai/audio-to-text-to-summary/main.py:26]
2024-05-22 09:08:45,102 ERROR: 404 Not Found: The requested URL was not found on the server. If you entered the URL manually please check your spelling and try again. [in /home/leopard/development/jovis.ai/audio-to-text-to-summary/main.py:26]
2024-05-22 09:08:45,893 ERROR: index.html [in /home/leopard/development/jovis.ai/audio-to-text-to-summary/main.py:26]
2024-05-22 09:08:45,912 ERROR: 404 Not Found: The requested URL was not found on the server. If you entered the URL manually please check your spelling and try again. [in /home/leopard/development/jovis.ai/audio-to-text-to-summary/main.py:26]
2024-05-22 20:32:39,027 ERROR: 404 Not Found: The requested URL was not found on the server. If you entered the URL manually please check your spelling and try again. [in /home/leopard/development/jovis.ai/audio-to-text-to-summary/main.py:25]
2024-05-22 20:32:39,040 ERROR: 404 Not Found: The requested URL was not found on the server. If you entered the URL manually please check your spelling and try again. [in /home/leopard/development/jovis.ai/audio-to-text-to-summary/main.py:25]
2024-05-22 20:32:44,589 ERROR: 404 Not Found: The requested URL was not found on the server. If you entered the URL manually please check your spelling and try again. [in /home/leopard/development/jovis.ai/audio-to-text-to-summary/main.py:25]
2024-05-22 20:32:44,618 ERROR: 404 Not Found: The requested URL was not found on the server. If you entered the URL manually please check your spelling and try again. [in /home/leopard/development/jovis.ai/audio-to-text-to-summary/main.py:25]
2024-05-22 20:33:53,864 ERROR: 404 Not Found: The requested URL was not found on the server. If you entered the URL manually please check your spelling and try again. [in /home/leopard/development/jovis.ai/audio-to-text-to-summary/main.py:25]
2024-05-22 20:33:53,877 ERROR: 404 Not Found: The requested URL was not found on the server. If you entered the URL manually please check your spelling and try again. [in /home/leopard/development/jovis.ai/audio-to-text-to-summary/main.py:25]
2024-05-22 20:34:03,488 ERROR: 404 Not Found: The requested URL was not found on the server. If you entered the URL manually please check your spelling and try again. [in /home/leopard/development/jovis.ai/audio-to-text-to-summary/main.py:25]
2024-05-22 20:34:03,516 ERROR: 404 Not Found: The requested URL was not found on the server. If you entered the URL manually please check your spelling and try again. [in /home/leopard/development/jovis.ai/audio-to-text-to-summary/main.py:25]
2024-05-22 20:34:20,133 ERROR: 404 Not Found: The requested URL was not found on the server. If you entered the URL manually please check your spelling and try again. [in /home/leopard/development/jovis.ai/audio-to-text-to-summary/main.py:25]
2024-05-22 20:34:20,144 ERROR: 404 Not Found: The requested URL was not found on the server. If you entered the URL manually please check your spelling and try again. [in /home/leopard/development/jovis.ai/audio-to-text-to-summary/main.py:25]
2024-05-23 05:34:44,395 ERROR: Expected a string value [in /home/leopard/development/jovis.ai/audio-to-text-to-summary/main.py:29]
2024-05-23 05:34:44,417 ERROR: 404 Not Found: The requested URL was not found on the server. If you entered the URL manually please check your spelling and try again. [in /home/leopard/development/jovis.ai/audio-to-text-to-summary/main.py:29]
2024-05-23 05:35:15,712 ERROR: invalid_grant: The provided authorization grant (e.g., authorization code, resource owner credentials) or refresh token is invalid, expired, revoked, does not match the redirection URI used in the authorization request, or was issued to another client. [in /home/leopard/development/jovis.ai/audio-to-text-to-summary/main.py:29]
2024-05-23 05:35:15,734 ERROR: 404 Not Found: The requested URL was not found on the server. If you entered the URL manually please check your spelling and try again. [in /home/leopard/development/jovis.ai/audio-to-text-to-summary/main.py:29]
2024-05-23 05:36:29,781 ERROR: Expected a string value [in /home/leopard/development/jovis.ai/audio-to-text-to-summary/main.py:29]
2024-05-23 05:36:29,805 ERROR: 404 Not Found: The requested URL was not found on the server. If you entered the URL manually please check your spelling and try again. [in /home/leopard/development/jovis.ai/audio-to-text-to-summary/main.py:29]
2024-05-23 05:37:24,911 ERROR: Expected a string value [in /home/leopard/development/jovis.ai/audio-to-text-to-summary/main.py:29]
2024-05-23 05:37:24,952 ERROR: 404 Not Found: The requested URL was not found on the server. If you entered the URL manually please check your spelling and try again. [in /home/leopard/development/jovis.ai/audio-to-text-to-summary/main.py:29]
2024-05-23 05:59:31,394 ERROR: Expected a string value [in /home/leopard/development/jovis.ai/audio-to-text-to-summary/main.py:29]
2024-05-23 06:01:42,343 ERROR: Issued At claim (iat) must be an integer. [in /home/leopard/development/jovis.ai/audio-to-text-to-summary/main.py:29]
2024-05-23 06:02:07,349 ERROR: Issued At claim (iat) must be an integer. [in /home/leopard/development/jovis.ai/audio-to-text-to-summary/main.py:29]
2024-05-23 06:33:05,031 ERROR: 'NoneType' object has no attribute 'is_authenticated' [in /home/leopard/development/jovis.ai/audio-to-text-to-summary/main.py:31]
2024-05-23 06:34:16,906 ERROR: cannot pickle '_thread.RLock' object [in /home/leopard/development/jovis.ai/audio-to-text-to-summary/main.py:31]
2024-05-23 06:34:16,926 ERROR: 404 Not Found: The requested URL was not found on the server. If you entered the URL manually please check your spelling and try again. [in /home/leopard/development/jovis.ai/audio-to-text-to-summary/main.py:31]
